<?xml version="1.0" encoding="UTF-8"?>
<coverage generated="1594379901005" clover="3.2.0">
  <project timestamp="1594379901005" name="All files">
    <metrics statements="19" coveredstatements="4" conditionals="0" coveredconditionals="0" methods="7" coveredmethods="2" elements="26" coveredelements="6" complexity="0" loc="19" ncloc="19" packages="1" files="1" classes="1"/>
    <file name="helpers.js" path="C:\Users\HP\Desktop\lambdaSchool\tellweather\helpers.js">
      <metrics statements="19" coveredstatements="4" conditionals="0" coveredconditionals="0" methods="7" coveredmethods="2"/>
      <line num="1" count="1" type="stmt"/>
      <line num="7" count="1" type="stmt"/>
      <line num="10" count="0" type="stmt"/>
      <line num="11" count="0" type="stmt"/>
      <line num="16" count="0" type="stmt"/>
      <line num="17" count="0" type="stmt"/>
      <line num="18" count="0" type="stmt"/>
      <line num="19" count="0" type="stmt"/>
      <line num="20" count="0" type="stmt"/>
      <line num="25" count="0" type="stmt"/>
      <line num="33" count="8" type="stmt"/>
      <line num="34" count="2" type="stmt"/>
      <line num="38" count="0" type="stmt"/>
      <line num="40" count="0" type="stmt"/>
      <line num="41" count="0" type="stmt"/>
      <line num="43" count="0" type="stmt"/>
      <line num="45" count="0" type="stmt"/>
      <line num="46" count="0" type="stmt"/>
      <line num="52" count="0" type="stmt"/>
    </file>
  </project>
</coverage>
