{"C:\\Users\\HP\\Desktop\\lambdaSchool\\tellweather\\helpers.js": {"path":"C:\\Users\\HP\\Desktop\\lambdaSchool\\tellweather\\helpers.js","statementMap":{"0":{"start":{"line":1,"column":0},"end":{"line":5,"column":2}},"1":{"start":{"line":7,"column":14},"end":{"line":7,"column":30}},"2":{"start":{"line":10,"column":2},"end":{"line":29,"column":5}},"3":{"start":{"line":11,"column":4},"end":{"line":28,"column":9}},"4":{"start":{"line":16,"column":21},"end":{"line":16,"column":65}},"5":{"start":{"line":17,"column":25},"end":{"line":17,"column":43}},"6":{"start":{"line":18,"column":28},"end":{"line":18,"column":64}},"7":{"start":{"line":19,"column":28},"end":{"line":19,"column":51}},"8":{"start":{"line":20,"column":8},"end":{"line":22,"column":10}},"9":{"start":{"line":25,"column":8},"end":{"line":27,"column":10}},"10":{"start":{"line":33,"column":23},"end":{"line":33,"column":65}},"11":{"start":{"line":33,"column":42},"end":{"line":33,"column":64}},"12":{"start":{"line":34,"column":2},"end":{"line":34,"column":22}},"13":{"start":{"line":38,"column":15},"end":{"line":38,"column":25}},"14":{"start":{"line":40,"column":19},"end":{"line":40,"column":33}},"15":{"start":{"line":41,"column":17},"end":{"line":41,"column":49}},"16":{"start":{"line":43,"column":18},"end":{"line":43,"column":35}},"17":{"start":{"line":45,"column":23},"end":{"line":45,"column":48}},"18":{"start":{"line":46,"column":20},"end":{"line":50,"column":4}},"19":{"start":{"line":52,"column":2},"end":{"line":52,"column":19}}},"fnMap":{"0":{"name":"getWeatherInfo","decl":{"start":{"line":9,"column":9},"end":{"line":9,"column":23}},"loc":{"start":{"line":9,"column":39},"end":{"line":30,"column":1}},"line":9},"1":{"name":"(anonymous_1)","decl":{"start":{"line":10,"column":24},"end":{"line":10,"column":25}},"loc":{"start":{"line":10,"column":38},"end":{"line":29,"column":3}},"line":10},"2":{"name":"(anonymous_2)","decl":{"start":{"line":15,"column":12},"end":{"line":15,"column":13}},"loc":{"start":{"line":15,"column":26},"end":{"line":23,"column":7}},"line":15},"3":{"name":"(anonymous_3)","decl":{"start":{"line":24,"column":13},"end":{"line":24,"column":14}},"loc":{"start":{"line":24,"column":22},"end":{"line":28,"column":7}},"line":24},"4":{"name":"normalizeInput","decl":{"start":{"line":32,"column":9},"end":{"line":32,"column":23}},"loc":{"start":{"line":32,"column":31},"end":{"line":35,"column":1}},"line":32},"5":{"name":"(anonymous_5)","decl":{"start":{"line":33,"column":33},"end":{"line":33,"column":34}},"loc":{"start":{"line":33,"column":42},"end":{"line":33,"column":64}},"line":33},"6":{"name":"standardizeLocalTime","decl":{"start":{"line":37,"column":9},"end":{"line":37,"column":29}},"loc":{"start":{"line":37,"column":40},"end":{"line":53,"column":1}},"line":37}},"branchMap":{},"s":{"0":1,"1":1,"2":0,"3":0,"4":0,"5":0,"6":0,"7":0,"8":0,"9":0,"10":2,"11":8,"12":2,"13":0,"14":0,"15":0,"16":0,"17":0,"18":0,"19":0},"f":{"0":0,"1":0,"2":0,"3":0,"4":2,"5":8,"6":0},"b":{},"_coverageSchema":"1a1c01bbd47fc00a2c39e90264f33305004495a9","hash":"aba6f3c416aed84cc827cdb3c2d4c6f084f79229"}
}
