TN:
SF:helpers.js
FN:9,getWeatherInfo
FN:10,(anonymous_1)
FN:15,(anonymous_2)
FN:24,(anonymous_3)
FN:32,normalizeInput
FN:33,(anonymous_5)
FN:37,standardizeLocalTime
FNF:7
FNH:2
FNDA:0,getWeatherInfo
FNDA:0,(anonymous_1)
FNDA:0,(anonymous_2)
FNDA:0,(anonymous_3)
FNDA:2,normalizeInput
FNDA:8,(anonymous_5)
FNDA:0,standardizeLocalTime
DA:1,1
DA:7,1
DA:10,0
DA:11,0
DA:16,0
DA:17,0
DA:18,0
DA:19,0
DA:20,0
DA:25,0
DA:33,8
DA:34,2
DA:38,0
DA:40,0
DA:41,0
DA:43,0
DA:45,0
DA:46,0
DA:52,0
LF:19
LH:4
BRF:0
BRH:0
end_of_record
